# JRE version: OpenJDK Runtime Environment Temurin-17.0.5+8 (17.0.5+8) (build 17.0.5+8)
# Java VM: OpenJDK 64-Bit Server VM Temurin-17.0.5+8 (17.0.5+8, mixed mode, tiered, compressed oops, compressed class ptrs, parallel gc, windows-amd64)
GC Precious Log:
 CPUs: 8 total, 8 available
 Memory: 16224M
 Large Page Support: Disabled
 NUMA Support: Disabled
 Compressed Oops: Enabled (32-bit)
 Alignments: Space 512K, Generation 512K, Heap 2M
 Heap Min Capacity: 100M
 Heap Initial Capacity: 100M
 Heap Max Capacity: 1G
 Pre-touch: Disabled
 Parallel Workers: 8
Heap:
 PSYoungGen      total 20992K, used 8831K [0x00000000eab00000, 0x00000000ec400000, 0x0000000100000000)
  eden space 17408K, 31% used [0x00000000eab00000,0x00000000eb04f9b8,0x00000000ebc00000)
  from space 3584K, 94% used [0x00000000ec080000,0x00000000ec3d02a0,0x00000000ec400000)
  to   space 4096K, 0% used [0x00000000ebc00000,0x00000000ebc00000,0x00000000ec000000)
 ParOldGen       total 95232K, used 69864K [0x00000000c0000000, 0x00000000c5d00000, 0x00000000eab00000)
  object space 95232K, 73% used [0x00000000c0000000,0x00000000c443a160,0x00000000c5d00000)
 Metaspace       used 48267K, committed 49088K, reserved 1097728K
  class space    used 5187K, committed 5568K, reserved 1048576K
GC Heap History (20 events):
Event: 27.649 GC heap before
{Heap before GC invocations=25 (full 2):
 PSYoungGen      total 25088K, used 24668K [0x00000000eab00000, 0x00000000ec780000, 0x0000000100000000)
  eden space 20992K, 100% used [0x00000000eab00000,0x00000000ebf80000,0x00000000ebf80000)
  from space 4096K, 89% used [0x00000000ec380000,0x00000000ec717180,0x00000000ec780000)
  to   space 4096K, 0% used [0x00000000ebf80000,0x00000000ebf80000,0x00000000ec380000)
 ParOldGen       total 68608K, used 36760K [0x00000000c0000000, 0x00000000c4300000, 0x00000000eab00000)
  object space 68608K, 53% used [0x00000000c0000000,0x00000000c23e6298,0x00000000c4300000)
 Metaspace       used 48132K, committed 48960K, reserved 1097728K
  class space    used 5180K, committed 5504K, reserved 1048576K
}
Event: 27.653 GC heap after
{Heap after GC invocations=25 (full 2):
 PSYoungGen      total 25088K, used 4076K [0x00000000eab00000, 0x00000000ed080000, 0x0000000100000000)
  eden space 20992K, 0% used [0x00000000eab00000,0x00000000eab00000,0x00000000ebf80000)
  from space 4096K, 99% used [0x00000000ebf80000,0x00000000ec37b168,0x00000000ec380000)
  to   space 8704K, 0% used [0x00000000ec800000,0x00000000ec800000,0x00000000ed080000)
 ParOldGen       total 68608K, used 40489K [0x00000000c0000000, 0x00000000c4300000, 0x00000000eab00000)
  object space 68608K, 59% used [0x00000000c0000000,0x00000000c278a408,0x00000000c4300000)
 Metaspace       used 48132K, committed 48960K, reserved 1097728K
  class space    used 5180K, committed 5504K, reserved 1048576K
}
Event: 27.833 GC heap before
{Heap before GC invocations=26 (full 2):
 PSYoungGen      total 25088K, used 25068K [0x00000000eab00000, 0x00000000ed080000, 0x0000000100000000)
  eden space 20992K, 100% used [0x00000000eab00000,0x00000000ebf80000,0x00000000ebf80000)
  from space 4096K, 99% used [0x00000000ebf80000,0x00000000ec37b168,0x00000000ec380000)
  to   space 8704K, 0% used [0x00000000ec800000,0x00000000ec800000,0x00000000ed080000)
 ParOldGen       total 68608K, used 40489K [0x00000000c0000000, 0x00000000c4300000, 0x00000000eab00000)
  object space 68608K, 59% used [0x00000000c0000000,0x00000000c278a408,0x00000000c4300000)
 Metaspace       used 48160K, committed 48960K, reserved 1097728K
  class space    used 5181K, committed 5504K, reserved 1048576K
}
Event: 27.839 GC heap after
{Heap after GC invocations=26 (full 2):
 PSYoungGen      total 26112K, used 4941K [0x00000000eab00000, 0x00000000ecd00000, 0x0000000100000000)
  eden space 20992K, 0% used [0x00000000eab00000,0x00000000eab00000,0x00000000ebf80000)
  from space 5120K, 96% used [0x00000000ec800000,0x00000000eccd3540,0x00000000ecd00000)
  to   space 6144K, 0% used [0x00000000ec100000,0x00000000ec100000,0x00000000ec700000)
 ParOldGen       total 68608K, used 44542K [0x00000000c0000000, 0x00000000c4300000, 0x00000000eab00000)
  object space 68608K, 64% used [0x00000000c0000000,0x00000000c2b7f948,0x00000000c4300000)
 Metaspace       used 48160K, committed 48960K, reserved 1097728K
  class space    used 5181K, committed 5504K, reserved 1048576K
}
Event: 28.012 GC heap before
{Heap before GC invocations=27 (full 2):
 PSYoungGen      total 26112K, used 25933K [0x00000000eab00000, 0x00000000ecd00000, 0x0000000100000000)
  eden space 20992K, 100% used [0x00000000eab00000,0x00000000ebf80000,0x00000000ebf80000)
  from space 5120K, 96% used [0x00000000ec800000,0x00000000eccd3540,0x00000000ecd00000)
  to   space 6144K, 0% used [0x00000000ec100000,0x00000000ec100000,0x00000000ec700000)
 ParOldGen       total 68608K, used 44542K [0x00000000c0000000, 0x00000000c4300000, 0x00000000eab00000)
  object space 68608K, 64% used [0x00000000c0000000,0x00000000c2b7f948,0x00000000c4300000)
 Metaspace       used 48172K, committed 48960K, reserved 1097728K
  class space    used 5181K, committed 5504K, reserved 1048576K
}
Event: 28.018 GC heap after
{Heap after GC invocations=27 (full 2):
 PSYoungGen      total 25600K, used 4517K [0x00000000eab00000, 0x00000000ec980000, 0x0000000100000000)
  eden space 20992K, 0% used [0x00000000eab00000,0x00000000eab00000,0x00000000ebf80000)
  from space 4608K, 98% used [0x00000000ec100000,0x00000000ec569538,0x00000000ec580000)
  to   space 4096K, 0% used [0x00000000ec580000,0x00000000ec580000,0x00000000ec980000)
 ParOldGen       total 68608K, used 49287K [0x00000000c0000000, 0x00000000c4300000, 0x00000000eab00000)
  object space 68608K, 71% used [0x00000000c0000000,0x00000000c3021fe0,0x00000000c4300000)
 Metaspace       used 48172K, committed 48960K, reserved 1097728K
  class space    used 5181K, committed 5504K, reserved 1048576K
}
Event: 28.176 GC heap before
{Heap before GC invocations=28 (full 2):
 PSYoungGen      total 25600K, used 25509K [0x00000000eab00000, 0x00000000ec980000, 0x0000000100000000)
  eden space 20992K, 100% used [0x00000000eab00000,0x00000000ebf80000,0x00000000ebf80000)
  from space 4608K, 98% used [0x00000000ec100000,0x00000000ec569538,0x00000000ec580000)
  to   space 4096K, 0% used [0x00000000ec580000,0x00000000ec580000,0x00000000ec980000)
 ParOldGen       total 68608K, used 49287K [0x00000000c0000000, 0x00000000c4300000, 0x00000000eab00000)
  object space 68608K, 71% used [0x00000000c0000000,0x00000000c3021fe0,0x00000000c4300000)
 Metaspace       used 48173K, committed 48960K, reserved 1097728K
  class space    used 5181K, committed 5504K, reserved 1048576K
}
Event: 28.180 GC heap after
{Heap after GC invocations=28 (full 2):
 PSYoungGen      total 21504K, used 4078K [0x00000000eab00000, 0x00000000ed280000, 0x0000000100000000)
  eden space 17408K, 0% used [0x00000000eab00000,0x00000000eab00000,0x00000000ebc00000)
  from space 4096K, 99% used [0x00000000ec580000,0x00000000ec97b810,0x00000000ec980000)
  to   space 9728K, 0% used [0x00000000ebc00000,0x00000000ebc00000,0x00000000ec580000)
 ParOldGen       total 68608K, used 53979K [0x00000000c0000000, 0x00000000c4300000, 0x00000000eab00000)
  object space 68608K, 78% used [0x00000000c0000000,0x00000000c34b6d08,0x00000000c4300000)
 Metaspace       used 48173K, committed 48960K, reserved 1097728K
  class space    used 5181K, committed 5504K, reserved 1048576K
}
Event: 28.341 GC heap before
{Heap before GC invocations=29 (full 2):
 PSYoungGen      total 21504K, used 21486K [0x00000000eab00000, 0x00000000ed280000, 0x0000000100000000)
  eden space 17408K, 100% used [0x00000000eab00000,0x00000000ebc00000,0x00000000ebc00000)
  from space 4096K, 99% used [0x00000000ec580000,0x00000000ec97b810,0x00000000ec980000)
  to   space 9728K, 0% used [0x00000000ebc00000,0x00000000ebc00000,0x00000000ec580000)
 ParOldGen       total 68608K, used 53979K [0x00000000c0000000, 0x00000000c4300000, 0x00000000eab00000)
  object space 68608K, 78% used [0x00000000c0000000,0x00000000c34b6d08,0x00000000c4300000)
 Metaspace       used 48190K, committed 48960K, reserved 1097728K
  class space    used 5181K, committed 5504K, reserved 1048576K
}
Event: 28.345 GC heap after
{Heap after GC invocations=29 (full 2):
 PSYoungGen      total 22016K, used 4351K [0x00000000eab00000, 0x00000000ec800000, 0x0000000100000000)
  eden space 17408K, 0% used [0x00000000eab00000,0x00000000eab00000,0x00000000ebc00000)
  from space 4608K, 94% used [0x00000000ebc00000,0x00000000ec03fd40,0x00000000ec080000)
  to   space 6144K, 0% used [0x00000000ec200000,0x00000000ec200000,0x00000000ec800000)
 ParOldGen       total 68608K, used 58136K [0x00000000c0000000, 0x00000000c4300000, 0x00000000eab00000)
  object space 68608K, 84% used [0x00000000c0000000,0x00000000c38c62b0,0x00000000c4300000)
 Metaspace       used 48190K, committed 48960K, reserved 1097728K
  class space    used 5181K, committed 5504K, reserved 1048576K
}
Event: 28.528 GC heap before
{Heap before GC invocations=30 (full 2):
 PSYoungGen      total 22016K, used 21759K [0x00000000eab00000, 0x00000000ec800000, 0x0000000100000000)
  eden space 17408K, 100% used [0x00000000eab00000,0x00000000ebc00000,0x00000000ebc00000)
  from space 4608K, 94% used [0x00000000ebc00000,0x00000000ec03fd40,0x00000000ec080000)
  to   space 6144K, 0% used [0x00000000ec200000,0x00000000ec200000,0x00000000ec800000)
 ParOldGen       total 68608K, used 58136K [0x00000000c0000000, 0x00000000c4300000, 0x00000000eab00000)
  object space 68608K, 84% used [0x00000000c0000000,0x00000000c38c62b0,0x00000000c4300000)
 Metaspace       used 48198K, committed 48960K, reserved 1097728K
  class space    used 5181K, committed 5504K, reserved 1048576K
}
Event: 28.532 GC heap after
{Heap after GC invocations=30 (full 2):
 PSYoungGen      total 21504K, used 3829K [0x00000000eab00000, 0x00000000ec600000, 0x0000000100000000)
  eden space 17408K, 0% used [0x00000000eab00000,0x00000000eab00000,0x00000000ebc00000)
  from space 4096K, 93% used [0x00000000ec200000,0x00000000ec5bd638,0x00000000ec600000)
  to   space 4608K, 0% used [0x00000000ebd00000,0x00000000ebd00000,0x00000000ec180000)
 ParOldGen       total 68608K, used 62362K [0x00000000c0000000, 0x00000000c4300000, 0x00000000eab00000)
  object space 68608K, 90% used [0x00000000c0000000,0x00000000c3ce6918,0x00000000c4300000)
 Metaspace       used 48198K, committed 48960K, reserved 1097728K
  class space    used 5181K, committed 5504K, reserved 1048576K
}
Event: 28.675 GC heap before
{Heap before GC invocations=31 (full 2):
 PSYoungGen      total 21504K, used 21237K [0x00000000eab00000, 0x00000000ec600000, 0x0000000100000000)
  eden space 17408K, 100% used [0x00000000eab00000,0x00000000ebc00000,0x00000000ebc00000)
  from space 4096K, 93% used [0x00000000ec200000,0x00000000ec5bd638,0x00000000ec600000)
  to   space 4608K, 0% used [0x00000000ebd00000,0x00000000ebd00000,0x00000000ec180000)
 ParOldGen       total 68608K, used 62362K [0x00000000c0000000, 0x00000000c4300000, 0x00000000eab00000)
  object space 68608K, 90% used [0x00000000c0000000,0x00000000c3ce6918,0x00000000c4300000)
 Metaspace       used 48204K, committed 49024K, reserved 1097728K
  class space    used 5181K, committed 5504K, reserved 1048576K
}
Event: 28.679 GC heap after
{Heap after GC invocations=31 (full 2):
 PSYoungGen      total 21504K, used 3963K [0x00000000eab00000, 0x00000000ec400000, 0x0000000100000000)
  eden space 17408K, 0% used [0x00000000eab00000,0x00000000eab00000,0x00000000ebc00000)
  from space 4096K, 96% used [0x00000000ebd00000,0x00000000ec0decb0,0x00000000ec100000)
  to   space 3072K, 0% used [0x00000000ec100000,0x00000000ec100000,0x00000000ec400000)
 ParOldGen       total 68608K, used 66025K [0x00000000c0000000, 0x00000000c4300000, 0x00000000eab00000)
  object space 68608K, 96% used [0x00000000c0000000,0x00000000c407a578,0x00000000c4300000)
 Metaspace       used 48204K, committed 49024K, reserved 1097728K
  class space    used 5181K, committed 5504K, reserved 1048576K
}
Event: 28.679 GC heap before
{Heap before GC invocations=32 (full 3):
 PSYoungGen      total 21504K, used 3963K [0x00000000eab00000, 0x00000000ec400000, 0x0000000100000000)
  eden space 17408K, 0% used [0x00000000eab00000,0x00000000eab00000,0x00000000ebc00000)
  from space 4096K, 96% used [0x00000000ebd00000,0x00000000ec0decb0,0x00000000ec100000)
  to   space 3072K, 0% used [0x00000000ec100000,0x00000000ec100000,0x00000000ec400000)
 ParOldGen       total 68608K, used 66025K [0x00000000c0000000, 0x00000000c4300000, 0x00000000eab00000)
  object space 68608K, 96% used [0x00000000c0000000,0x00000000c407a578,0x00000000c4300000)
 Metaspace       used 48204K, committed 49024K, reserved 1097728K
  class space    used 5181K, committed 5504K, reserved 1048576K
}
Event: 28.810 GC heap after
{Heap after GC invocations=32 (full 3):
 PSYoungGen      total 20480K, used 0K [0x00000000eab00000, 0x00000000ec400000, 0x0000000100000000)
  eden space 17408K, 0% used [0x00000000eab00000,0x00000000eab00000,0x00000000ebc00000)
  from space 3072K, 0% used [0x00000000ec100000,0x00000000ec100000,0x00000000ec400000)
  to   space 4096K, 0% used [0x00000000ebc00000,0x00000000ebc00000,0x00000000ec000000)
 ParOldGen       total 95232K, used 65797K [0x00000000c0000000, 0x00000000c5d00000, 0x00000000eab00000)
  object space 95232K, 69% used [0x00000000c0000000,0x00000000c4041448,0x00000000c5d00000)
 Metaspace       used 48204K, committed 49024K, reserved 1097728K
  class space    used 5181K, committed 5504K, reserved 1048576K
}
Event: 28.954 GC heap before
{Heap before GC invocations=33 (full 3):
 PSYoungGen      total 20480K, used 17408K [0x00000000eab00000, 0x00000000ec400000, 0x0000000100000000)
  eden space 17408K, 100% used [0x00000000eab00000,0x00000000ebc00000,0x00000000ebc00000)
  from space 3072K, 0% used [0x00000000ec100000,0x00000000ec100000,0x00000000ec400000)
  to   space 4096K, 0% used [0x00000000ebc00000,0x00000000ebc00000,0x00000000ec000000)
 ParOldGen       total 95232K, used 65797K [0x00000000c0000000, 0x00000000c5d00000, 0x00000000eab00000)
  object space 95232K, 69% used [0x00000000c0000000,0x00000000c4041448,0x00000000c5d00000)
 Metaspace       used 48225K, committed 49088K, reserved 1097728K
  class space    used 5186K, committed 5568K, reserved 1048576K
}
Event: 28.956 GC heap after
{Heap after GC invocations=33 (full 3):
 PSYoungGen      total 21504K, used 4077K [0x00000000eab00000, 0x00000000ec500000, 0x0000000100000000)
  eden space 17408K, 0% used [0x00000000eab00000,0x00000000eab00000,0x00000000ebc00000)
  from space 4096K, 99% used [0x00000000ebc00000,0x00000000ebffb410,0x00000000ec000000)
  to   space 4608K, 0% used [0x00000000ec080000,0x00000000ec080000,0x00000000ec500000)
 ParOldGen       total 95232K, used 65832K [0x00000000c0000000, 0x00000000c5d00000, 0x00000000eab00000)
  object space 95232K, 69% used [0x00000000c0000000,0x00000000c404a148,0x00000000c5d00000)
 Metaspace       used 48225K, committed 49088K, reserved 1097728K
  class space    used 5186K, committed 5568K, reserved 1048576K
}
Event: 29.950 GC heap before
{Heap before GC invocations=34 (full 3):
 PSYoungGen      total 21504K, used 21485K [0x00000000eab00000, 0x00000000ec500000, 0x0000000100000000)
  eden space 17408K, 100% used [0x00000000eab00000,0x00000000ebc00000,0x00000000ebc00000)
  from space 4096K, 99% used [0x00000000ebc00000,0x00000000ebffb410,0x00000000ec000000)
  to   space 4608K, 0% used [0x00000000ec080000,0x00000000ec080000,0x00000000ec500000)
 ParOldGen       total 95232K, used 65832K [0x00000000c0000000, 0x00000000c5d00000, 0x00000000eab00000)
  object space 95232K, 69% used [0x00000000c0000000,0x00000000c404a148,0x00000000c5d00000)
 Metaspace       used 48256K, committed 49088K, reserved 1097728K
  class space    used 5187K, committed 5568K, reserved 1048576K
}
Event: 29.954 GC heap after
{Heap after GC invocations=34 (full 3):
 PSYoungGen      total 20992K, used 3392K [0x00000000eab00000, 0x00000000ec400000, 0x0000000100000000)
  eden space 17408K, 0% used [0x00000000eab00000,0x00000000eab00000,0x00000000ebc00000)
  from space 3584K, 94% used [0x00000000ec080000,0x00000000ec3d02a0,0x00000000ec400000)
  to   space 4096K, 0% used [0x00000000ebc00000,0x00000000ebc00000,0x00000000ec000000)
 ParOldGen       total 95232K, used 69864K [0x00000000c0000000, 0x00000000c5d00000, 0x00000000eab00000)
  object space 95232K, 73% used [0x00000000c0000000,0x00000000c443a160,0x00000000c5d00000)
 Metaspace       used 48256K, committed 49088K, reserved 1097728K
  class space    used 5187K, committed 5568K, reserved 1048576K
}

